-------------------------------------------------------------------------------
Test set: mef.lab3tester_v2.TestMonster
-------------------------------------------------------------------------------
Tests run: 10, Failures: 1, Errors: 0, Skipped: 0, Time elapsed: 0.129 s <<< FAILURE! - in mef.lab3tester_v2.TestMonster
testMonsterHasCorrectFields  Time elapsed: 0.021 s  <<< FAILURE!
java.lang.AssertionError: Field(s) are not private: [type]
	at mef.lab3tester_v2.TestMonster.testMonsterHasCorrectFields(TestMonster.java:89)

