<?xml version="1.0" encoding="UTF-8"?>
<testsuite xmlns:xsi="http://www.w3.org/2001/XMLSchema-instance" xsi:noNamespaceSchemaLocation="https://maven.apache.org/surefire/maven-surefire-plugin/xsd/surefire-test-report.xsd" name="mef.lab3tester_v2.TestMonster" time="0.129" tests="10" errors="0" skipped="0" failures="1">
  <properties>
[...]
</properties>
  <testcase name="testKOMonsterCannotBeAttacked" classname="mef.lab3tester_v2.TestMonster" time="0.05"/>
  <testcase name="testRemoveHitPointsShouldNotGoNegative" classname="mef.lab3tester_v2.TestMonster" time="0.006"/>
  <testcase name="testMonsterHasCorrectMethods" classname="mef.lab3tester_v2.TestMonster" time="0.002"/>
  <testcase name="testMonsterCanAttackItsTwin" classname="mef.lab3tester_v2.TestMonster" time="0.001"/>
  <testcase name="testMonsterCannotAttackItself" classname="mef.lab3tester_v2.TestMonster" time="0.002"/>
  <testcase name="testMonsterHasCorrectFields" classname="mef.lab3tester_v2.TestMonster" time="0.021">
    <failure message="Field(s) are not private: [type]" type="java.lang.AssertionError">java.lang.AssertionError: Field(s) are not private: [type]
	at mef.lab3tester_v2.TestMonster.testMonsterHasCorrectFields(TestMonster.java:89)
</failure>
  </testcase>
  <testcase name="testMonsterMethodSignaturesCorrect" classname="mef.lab3tester_v2.TestMonster" time="0.003"/>
  <testcase name="testAttack" classname="mef.lab3tester_v2.TestMonster" time="0.002"/>
  <testcase name="testBadAttackNameDoesNotWork" classname="mef.lab3tester_v2.TestMonster" time="0.001"/>
  <testcase name="testKOMonsterCannotAttack" classname="mef.lab3tester_v2.TestMonster" time="0.001"/>
</testsuite>